0 info it worked if it ends with ok
1 verbose cli [ '/home/niels/.nvm/versions/node/v6.2.0/bin/node',
1 verbose cli   '/home/niels/.nvm/versions/node/v6.2.0/bin/npm',
1 verbose cli   'version',
1 verbose cli   'patch' ]
2 info using npm@3.8.9
3 info using node@v6.2.0
4 error version No valid package.json found
5 verbose stack SyntaxError: Unexpected token : in JSON at position 10
5 verbose stack     at Object.parse (native)
5 verbose stack     at /home/niels/.nvm/versions/node/v6.2.0/lib/node_modules/npm/lib/version.js:113:19
5 verbose stack     at /home/niels/.nvm/versions/node/v6.2.0/lib/node_modules/npm/node_modules/graceful-fs/graceful-fs.js:78:16
5 verbose stack     at FSReqWrap.readFileAfterClose [as oncomplete] (fs.js:439:3)
6 verbose cwd /home/niels/projects/note
7 error Linux 3.13.0-79-generic
8 error argv "/home/niels/.nvm/versions/node/v6.2.0/bin/node" "/home/niels/.nvm/versions/node/v6.2.0/bin/npm" "version" "patch"
9 error node v6.2.0
10 error npm  v3.8.9
11 error Unexpected token : in JSON at position 10
12 error If you need help, you may report this error at:
12 error     <https://github.com/npm/npm/issues>
13 verbose exit [ 1, true ]
